<?xml version="1.0" encoding="UTF-8"?>
<!-- Generated by org.testng.reporters.JUnitXMLReporter -->
<testsuite ignored="4" hostname="LTIN674551" failures="0" tests="1" name="Default test" time="24.457" errors="0" timestamp="2026-02-05T16:39:57 IST">
  <testcase classname="com.practo.PractoTests" name="fillCataractLeadForm_and_book" time="12.459"/>
  <testcase classname="com.practo.PractoTests" name="smoke_search_only" time="0.0">
    <ignored/>
  </testcase> <!-- smoke_search_only -->
  <testcase classname="com.practo.PractoTests" name="sortDoctorsByExperience_and_printTop5" time="0.0">
    <ignored/>
  </testcase> <!-- sortDoctorsByExperience_and_printTop5 -->
  <testcase classname="com.practo.PractoTests" name="addSkinTestsAndValidateTotal" time="0.0">
    <ignored/>
  </testcase> <!-- addSkinTestsAndValidateTotal -->
  <testcase classname="com.practo.PractoTests" name="search_applyFilters_and_bookConfiguredCard" time="0.0">
    <ignored/>
  </testcase> <!-- search_applyFilters_and_bookConfiguredCard -->
</testsuite> <!-- Default test -->
