<?xml version="1.0" encoding="UTF-8"?>
<!-- Generated by org.testng.reporters.JUnitXMLReporter -->
<testsuite ignored="4" hostname="LTIN674473" failures="0" tests="1" name="Test(failed)" time="30.096" errors="0" timestamp="2026-01-31T12:03:37 IST">
  <testcase classname="com.practo.PractoTests" name="search_applyFilters_and_bookConfiguredCard" time="16.287"/>
  <testcase classname="com.practo.PractoTests" name="fillCataractLeadForm_and_book" time="0.0">
    <ignored/>
  </testcase> <!-- fillCataractLeadForm_and_book -->
  <testcase classname="com.practo.PractoTests" name="smoke_search_only" time="0.0">
    <ignored/>
  </testcase> <!-- smoke_search_only -->
  <testcase classname="com.practo.PractoTests" name="sortDoctorsByExperience_and_printTop5" time="0.0">
    <ignored/>
  </testcase> <!-- sortDoctorsByExperience_and_printTop5 -->
  <testcase classname="com.practo.PractoTests" name="addSkinTestsAndValidateTotal" time="0.0">
    <ignored/>
  </testcase> <!-- addSkinTestsAndValidateTotal -->
</testsuite> <!-- Test(failed) -->
