<?xml version="1.0" encoding="UTF-8"?>
<testsuite xmlns:xsi="http://www.w3.org/2001/XMLSchema-instance" xsi:noNamespaceSchemaLocation="https://maven.apache.org/surefire/maven-surefire-plugin/xsd/surefire-test-report-3.0.xsd" version="3.0" name="TestSuite" time="102.481" tests="15" errors="0" skipped="10" failures="4">
  <properties>
[...]
</properties>
  <testcase name="search_applyFilters_and_bookConfiguredCard" classname="com.practo.PractoTests" time="0.0">
    <skipped message="no such element: Unable to locate element: {&quot;method&quot;:&quot;xpath&quot;,&quot;selector&quot;:&quot;//input[@placeholder=&apos;Search location&apos;]&quot;}&#10;  (Session info: MicrosoftEdge=144.0.3719.104)&#10;For documentation on this error, please visit: https://www.selenium.dev/documentation/webdriver/troubleshooting/errors#nosuchelementexception&#10;Build info: version: &apos;4.39.0&apos;, revision: &apos;126f156aee&apos;&#10;System info: os.name: &apos;Windows 11&apos;, os.arch: &apos;amd64&apos;, os.version: &apos;10.0&apos;, java.version: &apos;21&apos;&#10;Driver info: org.openqa.selenium.edge.EdgeDriver&#10;Command: [d7a7dabda72d6e6f08746066d1c64dc1, findElement {using=xpath, value=//input[@placeholder=&apos;Search location&apos;]}]&#10;Capabilities {acceptInsecureCerts: false, browserName: MicrosoftEdge, browserVersion: 144.0.3719.104, fedcm:accounts: true, goog:processID: 26044, ms:edgeOptions: {debuggerAddress: localhost:65533}, msedge: {msedgedriverVersion: 144.0.3719.104 (7d1be999663..., userDataDir: C:\Users\2457138\AppData\Lo...}, networkConnectionEnabled: false, pageLoadStrategy: normal, platformName: windows, proxy: Proxy(), se:cdp: ws://localhost:65533/devtoo..., se:cdpVersion: 144.0.3719.104, setWindowRect: true, strictFileInteractability: false, timeouts: {implicit: 0, pageLoad: 300000, script: 30000}, unhandledPromptBehavior: dismiss and notify, webauthn:extension:credBlob: true, webauthn:extension:largeBlob: true, webauthn:extension:minPinLength: true, webauthn:extension:prf: true, webauthn:virtualAuthenticators: true}&#10;Session ID: d7a7dabda72d6e6f08746066d1c64dc1"/>
    <system-out><![CDATA[>>> ExtentReportManager onStart triggered <<<
]]></system-out>
    <system-err><![CDATA[SLF4J(W): No SLF4J providers were found.
SLF4J(W): Defaulting to no-operation (NOP) logger implementation
SLF4J(W): See https://www.slf4j.org/codes.html#noProviders for further details.
Feb 06, 2026 5:38:46 PM org.openqa.selenium.devtools.CdpVersionFinder findNearestMatch
WARNING: Unable to find an exact match for CDP version 144, returning the closest version; found: 143; Please update to a Selenium version that supports CDP version 144
]]></system-err>
  </testcase>
  <testcase name="search_applyFilters_and_bookConfiguredCard" classname="com.practo.PractoTests" time="0.0">
    <skipped message="no such element: Unable to locate element: {&quot;method&quot;:&quot;xpath&quot;,&quot;selector&quot;:&quot;//input[@placeholder=&apos;Search location&apos;]&quot;}&#10;  (Session info: MicrosoftEdge=144.0.3719.104)&#10;For documentation on this error, please visit: https://www.selenium.dev/documentation/webdriver/troubleshooting/errors#nosuchelementexception&#10;Build info: version: &apos;4.39.0&apos;, revision: &apos;126f156aee&apos;&#10;System info: os.name: &apos;Windows 11&apos;, os.arch: &apos;amd64&apos;, os.version: &apos;10.0&apos;, java.version: &apos;21&apos;&#10;Driver info: org.openqa.selenium.edge.EdgeDriver&#10;Command: [d7a7dabda72d6e6f08746066d1c64dc1, findElement {using=xpath, value=//input[@placeholder=&apos;Search location&apos;]}]&#10;Capabilities {acceptInsecureCerts: false, browserName: MicrosoftEdge, browserVersion: 144.0.3719.104, fedcm:accounts: true, goog:processID: 26044, ms:edgeOptions: {debuggerAddress: localhost:65533}, msedge: {msedgedriverVersion: 144.0.3719.104 (7d1be999663..., userDataDir: C:\Users\2457138\AppData\Lo...}, networkConnectionEnabled: false, pageLoadStrategy: normal, platformName: windows, proxy: Proxy(), se:cdp: ws://localhost:65533/devtoo..., se:cdpVersion: 144.0.3719.104, setWindowRect: true, strictFileInteractability: false, timeouts: {implicit: 0, pageLoad: 300000, script: 30000}, unhandledPromptBehavior: dismiss and notify, webauthn:extension:credBlob: true, webauthn:extension:largeBlob: true, webauthn:extension:minPinLength: true, webauthn:extension:prf: true, webauthn:virtualAuthenticators: true}&#10;Session ID: d7a7dabda72d6e6f08746066d1c64dc1"/>
  </testcase>
  <testcase name="search_applyFilters_and_bookConfiguredCard" classname="com.practo.PractoTests" time="0.289">
    <failure message="stale element reference: stale element not found&#10;  (Session info: MicrosoftEdge=144.0.3719.104)&#10;For documentation on this error, please visit: https://www.selenium.dev/documentation/webdriver/troubleshooting/errors#staleelementreferenceexception&#10;Build info: version: &apos;4.39.0&apos;, revision: &apos;126f156aee&apos;&#10;System info: os.name: &apos;Windows 11&apos;, os.arch: &apos;amd64&apos;, os.version: &apos;10.0&apos;, java.version: &apos;21&apos;&#10;Driver info: org.openqa.selenium.edge.EdgeDriver&#10;Command: [d7a7dabda72d6e6f08746066d1c64dc1, isElementDisplayed {id=f.93EA677043AAD800FCE90082E4B56C64.d.92E5092C0FE4D5093572372C54D1ADA6.e.507}]&#10;Capabilities {acceptInsecureCerts: false, browserName: MicrosoftEdge, browserVersion: 144.0.3719.104, fedcm:accounts: true, goog:processID: 26044, ms:edgeOptions: {debuggerAddress: localhost:65533}, msedge: {msedgedriverVersion: 144.0.3719.104 (7d1be999663..., userDataDir: C:\Users\2457138\AppData\Lo...}, networkConnectionEnabled: false, pageLoadStrategy: normal, platformName: windows, proxy: Proxy(), se:cdp: ws://localhost:65533/devtoo..., se:cdpVersion: 144.0.3719.104, setWindowRect: true, strictFileInteractability: false, timeouts: {implicit: 0, pageLoad: 300000, script: 30000}, unhandledPromptBehavior: dismiss and notify, webauthn:extension:credBlob: true, webauthn:extension:largeBlob: true, webauthn:extension:minPinLength: true, webauthn:extension:prf: true, webauthn:virtualAuthenticators: true}&#10;Element: [[EdgeDriver: MicrosoftEdge on windows (d7a7dabda72d6e6f08746066d1c64dc1)] -&gt; xpath: //input[@placeholder=&apos;Search location&apos;]]&#10;Session ID: d7a7dabda72d6e6f08746066d1c64dc1" type="org.openqa.selenium.StaleElementReferenceException"><![CDATA[org.openqa.selenium.StaleElementReferenceException: 
stale element reference: stale element not found
  (Session info: MicrosoftEdge=144.0.3719.104)
For documentation on this error, please visit: https://www.selenium.dev/documentation/webdriver/troubleshooting/errors#staleelementreferenceexception
Build info: version: '4.39.0', revision: '126f156aee'
System info: os.name: 'Windows 11', os.arch: 'amd64', os.version: '10.0', java.version: '21'
Driver info: org.openqa.selenium.edge.EdgeDriver
Command: [d7a7dabda72d6e6f08746066d1c64dc1, isElementDisplayed {id=f.93EA677043AAD800FCE90082E4B56C64.d.92E5092C0FE4D5093572372C54D1ADA6.e.507}]
Capabilities {acceptInsecureCerts: false, browserName: MicrosoftEdge, browserVersion: 144.0.3719.104, fedcm:accounts: true, goog:processID: 26044, ms:edgeOptions: {debuggerAddress: localhost:65533}, msedge: {msedgedriverVersion: 144.0.3719.104 (7d1be999663..., userDataDir: C:\Users\2457138\AppData\Lo...}, networkConnectionEnabled: false, pageLoadStrategy: normal, platformName: windows, proxy: Proxy(), se:cdp: ws://localhost:65533/devtoo..., se:cdpVersion: 144.0.3719.104, setWindowRect: true, strictFileInteractability: false, timeouts: {implicit: 0, pageLoad: 300000, script: 30000}, unhandledPromptBehavior: dismiss and notify, webauthn:extension:credBlob: true, webauthn:extension:largeBlob: true, webauthn:extension:minPinLength: true, webauthn:extension:prf: true, webauthn:virtualAuthenticators: true}
Element: [[EdgeDriver: MicrosoftEdge on windows (d7a7dabda72d6e6f08746066d1c64dc1)] -> xpath: //input[@placeholder='Search location']]
Session ID: d7a7dabda72d6e6f08746066d1c64dc1
	at java.base/jdk.internal.reflect.DirectConstructorHandleAccessor.newInstance(DirectConstructorHandleAccessor.java:62)
	at java.base/java.lang.reflect.Constructor.newInstanceWithCaller(Constructor.java:502)
	at java.base/java.lang.reflect.Constructor.newInstance(Constructor.java:486)
	at org.openqa.selenium.remote.ErrorCodec.decode(ErrorCodec.java:167)
	at org.openqa.selenium.remote.codec.w3c.W3CHttpResponseCodec.decode(W3CHttpResponseCodec.java:142)
	at org.openqa.selenium.remote.codec.w3c.W3CHttpResponseCodec.decode(W3CHttpResponseCodec.java:49)
	at org.openqa.selenium.remote.HttpCommandExecutor.execute(HttpCommandExecutor.java:215)
	at org.openqa.selenium.remote.service.DriverCommandExecutor.invokeExecute(DriverCommandExecutor.java:216)
	at org.openqa.selenium.remote.service.DriverCommandExecutor.execute(DriverCommandExecutor.java:174)
	at org.openqa.selenium.remote.RemoteWebDriver.execute(RemoteWebDriver.java:561)
	at org.openqa.selenium.remote.RemoteWebElement.execute(RemoteWebElement.java:223)
	at org.openqa.selenium.remote.RemoteWebElement.isDisplayed(RemoteWebElement.java:282)
	at java.base/jdk.internal.reflect.DirectMethodHandleAccessor.invoke(DirectMethodHandleAccessor.java:103)
	at java.base/java.lang.reflect.Method.invoke(Method.java:580)
	at org.openqa.selenium.support.pagefactory.internal.LocatingElementHandler.invoke(LocatingElementHandler.java:51)
	at jdk.proxy2/jdk.proxy2.$Proxy27.isDisplayed(Unknown Source)
	at org.openqa.selenium.support.ui.ExpectedConditions.elementIfVisible(ExpectedConditions.java:308)
	at org.openqa.selenium.support.ui.ExpectedConditions$10.apply(ExpectedConditions.java:294)
	at org.openqa.selenium.support.ui.ExpectedConditions$10.apply(ExpectedConditions.java:291)
	at org.openqa.selenium.support.ui.ExpectedConditions$23.apply(ExpectedConditions.java:662)
	at org.openqa.selenium.support.ui.ExpectedConditions$23.apply(ExpectedConditions.java:658)
	at org.openqa.selenium.support.ui.FluentWait.until(FluentWait.java:203)
	at com.practo.utils.WaitUtils.untilClickable(WaitUtils.java:33)
	at com.practo.pages.HomePage.selectLocation(HomePage.java:70)
	at com.practo.PractoTests.search_applyFilters_and_bookConfiguredCard(PractoTests.java:70)
	at java.base/jdk.internal.reflect.DirectMethodHandleAccessor.invoke(DirectMethodHandleAccessor.java:103)
	at java.base/java.lang.reflect.Method.invoke(Method.java:580)
	at org.testng.internal.invokers.MethodInvocationHelper.invokeMethod(MethodInvocationHelper.java:141)
	at org.testng.internal.invokers.TestInvoker.invokeMethod(TestInvoker.java:687)
	at org.testng.internal.invokers.TestInvoker.retryFailed(TestInvoker.java:269)
	at org.testng.internal.invokers.MethodRunner.runInSequence(MethodRunner.java:76)
	at org.testng.internal.invokers.TestInvoker$MethodInvocationAgent.invoke(TestInvoker.java:995)
	at org.testng.internal.invokers.TestInvoker.invokeTestMethods(TestInvoker.java:203)
	at org.testng.internal.invokers.TestMethodWorker.invokeTestMethods(TestMethodWorker.java:154)
	at org.testng.internal.invokers.TestMethodWorker.run(TestMethodWorker.java:134)
	at java.base/java.util.concurrent.Executors$RunnableAdapter.call(Executors.java:572)
	at java.base/java.util.concurrent.FutureTask.run(FutureTask.java:317)
	at org.testng.internal.thread.graph.TestNGFutureTask.run(TestNGFutureTask.java:22)
	at java.base/java.util.concurrent.ThreadPoolExecutor.runWorker(ThreadPoolExecutor.java:1144)
	at java.base/java.util.concurrent.ThreadPoolExecutor$Worker.run(ThreadPoolExecutor.java:642)
	at java.base/java.lang.Thread.run(Thread.java:1583)
]]></failure>
  </testcase>
  <testcase name="sortDoctorsByExperience_and_printTop5" classname="com.practo.PractoTests" time="0.0">
    <skipped message="no such element: Unable to locate element: {&quot;method&quot;:&quot;xpath&quot;,&quot;selector&quot;:&quot;//input[@placeholder=&apos;Search location&apos;]&quot;}&#10;  (Session info: MicrosoftEdge=144.0.3719.104)&#10;For documentation on this error, please visit: https://www.selenium.dev/documentation/webdriver/troubleshooting/errors#nosuchelementexception&#10;Build info: version: &apos;4.39.0&apos;, revision: &apos;126f156aee&apos;&#10;System info: os.name: &apos;Windows 11&apos;, os.arch: &apos;amd64&apos;, os.version: &apos;10.0&apos;, java.version: &apos;21&apos;&#10;Driver info: org.openqa.selenium.edge.EdgeDriver&#10;Command: [d7a7dabda72d6e6f08746066d1c64dc1, findElement {using=xpath, value=//input[@placeholder=&apos;Search location&apos;]}]&#10;Capabilities {acceptInsecureCerts: false, browserName: MicrosoftEdge, browserVersion: 144.0.3719.104, fedcm:accounts: true, goog:processID: 26044, ms:edgeOptions: {debuggerAddress: localhost:65533}, msedge: {msedgedriverVersion: 144.0.3719.104 (7d1be999663..., userDataDir: C:\Users\2457138\AppData\Lo...}, networkConnectionEnabled: false, pageLoadStrategy: normal, platformName: windows, proxy: Proxy(), se:cdp: ws://localhost:65533/devtoo..., se:cdpVersion: 144.0.3719.104, setWindowRect: true, strictFileInteractability: false, timeouts: {implicit: 0, pageLoad: 300000, script: 30000}, unhandledPromptBehavior: dismiss and notify, webauthn:extension:credBlob: true, webauthn:extension:largeBlob: true, webauthn:extension:minPinLength: true, webauthn:extension:prf: true, webauthn:virtualAuthenticators: true}&#10;Session ID: d7a7dabda72d6e6f08746066d1c64dc1"/>
  </testcase>
  <testcase name="sortDoctorsByExperience_and_printTop5" classname="com.practo.PractoTests" time="0.0">
    <skipped message="no such element: Unable to locate element: {&quot;method&quot;:&quot;xpath&quot;,&quot;selector&quot;:&quot;//input[@placeholder=&apos;Search location&apos;]&quot;}&#10;  (Session info: MicrosoftEdge=144.0.3719.104)&#10;For documentation on this error, please visit: https://www.selenium.dev/documentation/webdriver/troubleshooting/errors#nosuchelementexception&#10;Build info: version: &apos;4.39.0&apos;, revision: &apos;126f156aee&apos;&#10;System info: os.name: &apos;Windows 11&apos;, os.arch: &apos;amd64&apos;, os.version: &apos;10.0&apos;, java.version: &apos;21&apos;&#10;Driver info: org.openqa.selenium.edge.EdgeDriver&#10;Command: [d7a7dabda72d6e6f08746066d1c64dc1, findElement {using=xpath, value=//input[@placeholder=&apos;Search location&apos;]}]&#10;Capabilities {acceptInsecureCerts: false, browserName: MicrosoftEdge, browserVersion: 144.0.3719.104, fedcm:accounts: true, goog:processID: 26044, ms:edgeOptions: {debuggerAddress: localhost:65533}, msedge: {msedgedriverVersion: 144.0.3719.104 (7d1be999663..., userDataDir: C:\Users\2457138\AppData\Lo...}, networkConnectionEnabled: false, pageLoadStrategy: normal, platformName: windows, proxy: Proxy(), se:cdp: ws://localhost:65533/devtoo..., se:cdpVersion: 144.0.3719.104, setWindowRect: true, strictFileInteractability: false, timeouts: {implicit: 0, pageLoad: 300000, script: 30000}, unhandledPromptBehavior: dismiss and notify, webauthn:extension:credBlob: true, webauthn:extension:largeBlob: true, webauthn:extension:minPinLength: true, webauthn:extension:prf: true, webauthn:virtualAuthenticators: true}&#10;Session ID: d7a7dabda72d6e6f08746066d1c64dc1"/>
  </testcase>
  <testcase name="sortDoctorsByExperience_and_printTop5" classname="com.practo.PractoTests" time="0.201">
    <failure message="stale element reference: stale element not found&#10;  (Session info: MicrosoftEdge=144.0.3719.104)&#10;For documentation on this error, please visit: https://www.selenium.dev/documentation/webdriver/troubleshooting/errors#staleelementreferenceexception&#10;Build info: version: &apos;4.39.0&apos;, revision: &apos;126f156aee&apos;&#10;System info: os.name: &apos;Windows 11&apos;, os.arch: &apos;amd64&apos;, os.version: &apos;10.0&apos;, java.version: &apos;21&apos;&#10;Driver info: org.openqa.selenium.edge.EdgeDriver&#10;Command: [d7a7dabda72d6e6f08746066d1c64dc1, isElementDisplayed {id=f.93EA677043AAD800FCE90082E4B56C64.d.92E5092C0FE4D5093572372C54D1ADA6.e.507}]&#10;Capabilities {acceptInsecureCerts: false, browserName: MicrosoftEdge, browserVersion: 144.0.3719.104, fedcm:accounts: true, goog:processID: 26044, ms:edgeOptions: {debuggerAddress: localhost:65533}, msedge: {msedgedriverVersion: 144.0.3719.104 (7d1be999663..., userDataDir: C:\Users\2457138\AppData\Lo...}, networkConnectionEnabled: false, pageLoadStrategy: normal, platformName: windows, proxy: Proxy(), se:cdp: ws://localhost:65533/devtoo..., se:cdpVersion: 144.0.3719.104, setWindowRect: true, strictFileInteractability: false, timeouts: {implicit: 0, pageLoad: 300000, script: 30000}, unhandledPromptBehavior: dismiss and notify, webauthn:extension:credBlob: true, webauthn:extension:largeBlob: true, webauthn:extension:minPinLength: true, webauthn:extension:prf: true, webauthn:virtualAuthenticators: true}&#10;Element: [[EdgeDriver: MicrosoftEdge on windows (d7a7dabda72d6e6f08746066d1c64dc1)] -&gt; xpath: //input[@placeholder=&apos;Search location&apos;]]&#10;Session ID: d7a7dabda72d6e6f08746066d1c64dc1" type="org.openqa.selenium.StaleElementReferenceException"><![CDATA[org.openqa.selenium.StaleElementReferenceException: 
stale element reference: stale element not found
  (Session info: MicrosoftEdge=144.0.3719.104)
For documentation on this error, please visit: https://www.selenium.dev/documentation/webdriver/troubleshooting/errors#staleelementreferenceexception
Build info: version: '4.39.0', revision: '126f156aee'
System info: os.name: 'Windows 11', os.arch: 'amd64', os.version: '10.0', java.version: '21'
Driver info: org.openqa.selenium.edge.EdgeDriver
Command: [d7a7dabda72d6e6f08746066d1c64dc1, isElementDisplayed {id=f.93EA677043AAD800FCE90082E4B56C64.d.92E5092C0FE4D5093572372C54D1ADA6.e.507}]
Capabilities {acceptInsecureCerts: false, browserName: MicrosoftEdge, browserVersion: 144.0.3719.104, fedcm:accounts: true, goog:processID: 26044, ms:edgeOptions: {debuggerAddress: localhost:65533}, msedge: {msedgedriverVersion: 144.0.3719.104 (7d1be999663..., userDataDir: C:\Users\2457138\AppData\Lo...}, networkConnectionEnabled: false, pageLoadStrategy: normal, platformName: windows, proxy: Proxy(), se:cdp: ws://localhost:65533/devtoo..., se:cdpVersion: 144.0.3719.104, setWindowRect: true, strictFileInteractability: false, timeouts: {implicit: 0, pageLoad: 300000, script: 30000}, unhandledPromptBehavior: dismiss and notify, webauthn:extension:credBlob: true, webauthn:extension:largeBlob: true, webauthn:extension:minPinLength: true, webauthn:extension:prf: true, webauthn:virtualAuthenticators: true}
Element: [[EdgeDriver: MicrosoftEdge on windows (d7a7dabda72d6e6f08746066d1c64dc1)] -> xpath: //input[@placeholder='Search location']]
Session ID: d7a7dabda72d6e6f08746066d1c64dc1
	at java.base/jdk.internal.reflect.DirectConstructorHandleAccessor.newInstance(DirectConstructorHandleAccessor.java:62)
	at java.base/java.lang.reflect.Constructor.newInstanceWithCaller(Constructor.java:502)
	at java.base/java.lang.reflect.Constructor.newInstance(Constructor.java:486)
	at org.openqa.selenium.remote.ErrorCodec.decode(ErrorCodec.java:167)
	at org.openqa.selenium.remote.codec.w3c.W3CHttpResponseCodec.decode(W3CHttpResponseCodec.java:142)
	at org.openqa.selenium.remote.codec.w3c.W3CHttpResponseCodec.decode(W3CHttpResponseCodec.java:49)
	at org.openqa.selenium.remote.HttpCommandExecutor.execute(HttpCommandExecutor.java:215)
	at org.openqa.selenium.remote.service.DriverCommandExecutor.invokeExecute(DriverCommandExecutor.java:216)
	at org.openqa.selenium.remote.service.DriverCommandExecutor.execute(DriverCommandExecutor.java:174)
	at org.openqa.selenium.remote.RemoteWebDriver.execute(RemoteWebDriver.java:561)
	at org.openqa.selenium.remote.RemoteWebElement.execute(RemoteWebElement.java:223)
	at org.openqa.selenium.remote.RemoteWebElement.isDisplayed(RemoteWebElement.java:282)
	at java.base/jdk.internal.reflect.DirectMethodHandleAccessor.invoke(DirectMethodHandleAccessor.java:103)
	at java.base/java.lang.reflect.Method.invoke(Method.java:580)
	at org.openqa.selenium.support.pagefactory.internal.LocatingElementHandler.invoke(LocatingElementHandler.java:51)
	at jdk.proxy2/jdk.proxy2.$Proxy27.isDisplayed(Unknown Source)
	at org.openqa.selenium.support.ui.ExpectedConditions.elementIfVisible(ExpectedConditions.java:308)
	at org.openqa.selenium.support.ui.ExpectedConditions$10.apply(ExpectedConditions.java:294)
	at org.openqa.selenium.support.ui.ExpectedConditions$10.apply(ExpectedConditions.java:291)
	at org.openqa.selenium.support.ui.ExpectedConditions$23.apply(ExpectedConditions.java:662)
	at org.openqa.selenium.support.ui.ExpectedConditions$23.apply(ExpectedConditions.java:658)
	at org.openqa.selenium.support.ui.FluentWait.until(FluentWait.java:203)
	at com.practo.utils.WaitUtils.untilClickable(WaitUtils.java:33)
	at com.practo.pages.HomePage.selectLocation(HomePage.java:70)
	at com.practo.PractoTests.sortDoctorsByExperience_and_printTop5(PractoTests.java:104)
	at java.base/jdk.internal.reflect.DirectMethodHandleAccessor.invoke(DirectMethodHandleAccessor.java:103)
	at java.base/java.lang.reflect.Method.invoke(Method.java:580)
	at org.testng.internal.invokers.MethodInvocationHelper.invokeMethod(MethodInvocationHelper.java:141)
	at org.testng.internal.invokers.TestInvoker.invokeMethod(TestInvoker.java:687)
	at org.testng.internal.invokers.TestInvoker.retryFailed(TestInvoker.java:269)
	at org.testng.internal.invokers.MethodRunner.runInSequence(MethodRunner.java:76)
	at org.testng.internal.invokers.TestInvoker$MethodInvocationAgent.invoke(TestInvoker.java:995)
	at org.testng.internal.invokers.TestInvoker.invokeTestMethods(TestInvoker.java:203)
	at org.testng.internal.invokers.TestMethodWorker.invokeTestMethods(TestMethodWorker.java:154)
	at org.testng.internal.invokers.TestMethodWorker.run(TestMethodWorker.java:134)
	at java.base/java.util.concurrent.Executors$RunnableAdapter.call(Executors.java:572)
	at java.base/java.util.concurrent.FutureTask.run(FutureTask.java:317)
	at org.testng.internal.thread.graph.TestNGFutureTask.run(TestNGFutureTask.java:22)
	at java.base/java.util.concurrent.ThreadPoolExecutor.runWorker(ThreadPoolExecutor.java:1144)
	at java.base/java.util.concurrent.ThreadPoolExecutor$Worker.run(ThreadPoolExecutor.java:642)
	at java.base/java.lang.Thread.run(Thread.java:1583)
]]></failure>
  </testcase>
  <testcase name="addSkinTestsAndValidateTotal" classname="com.practo.PractoTests" time="0.0">
    <skipped message="Expected condition failed: waiting for element to be clickable: By.xpath: //input[@placeholder=&apos;Search for city&apos;] (tried for 15 second(s) with 500 milliseconds interval)&#10;Build info: version: &apos;4.39.0&apos;, revision: &apos;126f156aee&apos;&#10;System info: os.name: &apos;Windows 11&apos;, os.arch: &apos;amd64&apos;, os.version: &apos;10.0&apos;, java.version: &apos;21&apos;&#10;Driver info: org.openqa.selenium.edge.EdgeDriver&#10;Capabilities {acceptInsecureCerts: false, browserName: MicrosoftEdge, browserVersion: 144.0.3719.104, fedcm:accounts: true, goog:processID: 26044, ms:edgeOptions: {debuggerAddress: localhost:65533}, msedge: {msedgedriverVersion: 144.0.3719.104 (7d1be999663..., userDataDir: C:\Users\2457138\AppData\Lo...}, networkConnectionEnabled: false, pageLoadStrategy: normal, platformName: windows, proxy: Proxy(), se:cdp: ws://localhost:65533/devtoo..., se:cdpVersion: 144.0.3719.104, setWindowRect: true, strictFileInteractability: false, timeouts: {implicit: 0, pageLoad: 300000, script: 30000}, unhandledPromptBehavior: dismiss and notify, webauthn:extension:credBlob: true, webauthn:extension:largeBlob: true, webauthn:extension:minPinLength: true, webauthn:extension:prf: true, webauthn:virtualAuthenticators: true}&#10;Session ID: d7a7dabda72d6e6f08746066d1c64dc1"/>
  </testcase>
  <testcase name="addSkinTestsAndValidateTotal" classname="com.practo.PractoTests" time="0.0">
    <skipped message="no such element: Unable to locate element: {&quot;method&quot;:&quot;xpath&quot;,&quot;selector&quot;:&quot;//div[text()=&apos;Add to Cart&apos;]&quot;}&#10;  (Session info: MicrosoftEdge=144.0.3719.104)&#10;For documentation on this error, please visit: https://www.selenium.dev/documentation/webdriver/troubleshooting/errors#nosuchelementexception&#10;Build info: version: &apos;4.39.0&apos;, revision: &apos;126f156aee&apos;&#10;System info: os.name: &apos;Windows 11&apos;, os.arch: &apos;amd64&apos;, os.version: &apos;10.0&apos;, java.version: &apos;21&apos;&#10;Driver info: org.openqa.selenium.edge.EdgeDriver&#10;Command: [d7a7dabda72d6e6f08746066d1c64dc1, findElement {using=xpath, value=//div[text()=&apos;Add to Cart&apos;]}]&#10;Capabilities {acceptInsecureCerts: false, browserName: MicrosoftEdge, browserVersion: 144.0.3719.104, fedcm:accounts: true, goog:processID: 26044, ms:edgeOptions: {debuggerAddress: localhost:65533}, msedge: {msedgedriverVersion: 144.0.3719.104 (7d1be999663..., userDataDir: C:\Users\2457138\AppData\Lo...}, networkConnectionEnabled: false, pageLoadStrategy: normal, platformName: windows, proxy: Proxy(), se:cdp: ws://localhost:65533/devtoo..., se:cdpVersion: 144.0.3719.104, setWindowRect: true, strictFileInteractability: false, timeouts: {implicit: 0, pageLoad: 300000, script: 30000}, unhandledPromptBehavior: dismiss and notify, webauthn:extension:credBlob: true, webauthn:extension:largeBlob: true, webauthn:extension:minPinLength: true, webauthn:extension:prf: true, webauthn:virtualAuthenticators: true}&#10;Session ID: d7a7dabda72d6e6f08746066d1c64dc1"/>
  </testcase>
  <testcase name="addSkinTestsAndValidateTotal" classname="com.practo.PractoTests" time="16.213">
    <failure message="Expected condition failed: waiting for element to be clickable: By.xpath: //input[@placeholder=&apos;Search for city&apos;] (tried for 15 second(s) with 500 milliseconds interval)&#10;Build info: version: &apos;4.39.0&apos;, revision: &apos;126f156aee&apos;&#10;System info: os.name: &apos;Windows 11&apos;, os.arch: &apos;amd64&apos;, os.version: &apos;10.0&apos;, java.version: &apos;21&apos;&#10;Driver info: org.openqa.selenium.edge.EdgeDriver&#10;Capabilities {acceptInsecureCerts: false, browserName: MicrosoftEdge, browserVersion: 144.0.3719.104, fedcm:accounts: true, goog:processID: 26044, ms:edgeOptions: {debuggerAddress: localhost:65533}, msedge: {msedgedriverVersion: 144.0.3719.104 (7d1be999663..., userDataDir: C:\Users\2457138\AppData\Lo...}, networkConnectionEnabled: false, pageLoadStrategy: normal, platformName: windows, proxy: Proxy(), se:cdp: ws://localhost:65533/devtoo..., se:cdpVersion: 144.0.3719.104, setWindowRect: true, strictFileInteractability: false, timeouts: {implicit: 0, pageLoad: 300000, script: 30000}, unhandledPromptBehavior: dismiss and notify, webauthn:extension:credBlob: true, webauthn:extension:largeBlob: true, webauthn:extension:minPinLength: true, webauthn:extension:prf: true, webauthn:virtualAuthenticators: true}&#10;Session ID: d7a7dabda72d6e6f08746066d1c64dc1" type="org.openqa.selenium.TimeoutException"><![CDATA[org.openqa.selenium.TimeoutException: 
Expected condition failed: waiting for element to be clickable: By.xpath: //input[@placeholder='Search for city'] (tried for 15 second(s) with 500 milliseconds interval)
Build info: version: '4.39.0', revision: '126f156aee'
System info: os.name: 'Windows 11', os.arch: 'amd64', os.version: '10.0', java.version: '21'
Driver info: org.openqa.selenium.edge.EdgeDriver
Capabilities {acceptInsecureCerts: false, browserName: MicrosoftEdge, browserVersion: 144.0.3719.104, fedcm:accounts: true, goog:processID: 26044, ms:edgeOptions: {debuggerAddress: localhost:65533}, msedge: {msedgedriverVersion: 144.0.3719.104 (7d1be999663..., userDataDir: C:\Users\2457138\AppData\Lo...}, networkConnectionEnabled: false, pageLoadStrategy: normal, platformName: windows, proxy: Proxy(), se:cdp: ws://localhost:65533/devtoo..., se:cdpVersion: 144.0.3719.104, setWindowRect: true, strictFileInteractability: false, timeouts: {implicit: 0, pageLoad: 300000, script: 30000}, unhandledPromptBehavior: dismiss and notify, webauthn:extension:credBlob: true, webauthn:extension:largeBlob: true, webauthn:extension:minPinLength: true, webauthn:extension:prf: true, webauthn:virtualAuthenticators: true}
Session ID: d7a7dabda72d6e6f08746066d1c64dc1
	at org.openqa.selenium.support.ui.WebDriverWait.timeoutException(WebDriverWait.java:84)
	at org.openqa.selenium.support.ui.FluentWait.until(FluentWait.java:228)
	at com.practo.utils.WaitUtils.untilClickable(WaitUtils.java:24)
	at com.practo.pages.SkinPage.selectCity(SkinPage.java:57)
	at com.practo.PractoTests.addSkinTestsAndValidateTotal(PractoTests.java:131)
	at java.base/jdk.internal.reflect.DirectMethodHandleAccessor.invoke(DirectMethodHandleAccessor.java:103)
	at java.base/java.lang.reflect.Method.invoke(Method.java:580)
	at org.testng.internal.invokers.MethodInvocationHelper.invokeMethod(MethodInvocationHelper.java:141)
	at org.testng.internal.invokers.TestInvoker.invokeMethod(TestInvoker.java:687)
	at org.testng.internal.invokers.TestInvoker.retryFailed(TestInvoker.java:269)
	at org.testng.internal.invokers.MethodRunner.runInSequence(MethodRunner.java:76)
	at org.testng.internal.invokers.TestInvoker$MethodInvocationAgent.invoke(TestInvoker.java:995)
	at org.testng.internal.invokers.TestInvoker.invokeTestMethods(TestInvoker.java:203)
	at org.testng.internal.invokers.TestMethodWorker.invokeTestMethods(TestMethodWorker.java:154)
	at org.testng.internal.invokers.TestMethodWorker.run(TestMethodWorker.java:134)
	at java.base/java.util.concurrent.Executors$RunnableAdapter.call(Executors.java:572)
	at java.base/java.util.concurrent.FutureTask.run(FutureTask.java:317)
	at org.testng.internal.thread.graph.TestNGFutureTask.run(TestNGFutureTask.java:22)
	at java.base/java.util.concurrent.ThreadPoolExecutor.runWorker(ThreadPoolExecutor.java:1144)
	at java.base/java.util.concurrent.ThreadPoolExecutor$Worker.run(ThreadPoolExecutor.java:642)
	at java.base/java.lang.Thread.run(Thread.java:1583)
]]></failure>
  </testcase>
  <testcase name="smoke_search_only" classname="com.practo.PractoTests" time="0.0">
    <skipped message="no such element: Unable to locate element: {&quot;method&quot;:&quot;xpath&quot;,&quot;selector&quot;:&quot;//input[@placeholder=&apos;Search location&apos;]&quot;}&#10;  (Session info: MicrosoftEdge=144.0.3719.104)&#10;For documentation on this error, please visit: https://www.selenium.dev/documentation/webdriver/troubleshooting/errors#nosuchelementexception&#10;Build info: version: &apos;4.39.0&apos;, revision: &apos;126f156aee&apos;&#10;System info: os.name: &apos;Windows 11&apos;, os.arch: &apos;amd64&apos;, os.version: &apos;10.0&apos;, java.version: &apos;21&apos;&#10;Driver info: org.openqa.selenium.edge.EdgeDriver&#10;Command: [d7a7dabda72d6e6f08746066d1c64dc1, findElement {using=xpath, value=//input[@placeholder=&apos;Search location&apos;]}]&#10;Capabilities {acceptInsecureCerts: false, browserName: MicrosoftEdge, browserVersion: 144.0.3719.104, fedcm:accounts: true, goog:processID: 26044, ms:edgeOptions: {debuggerAddress: localhost:65533}, msedge: {msedgedriverVersion: 144.0.3719.104 (7d1be999663..., userDataDir: C:\Users\2457138\AppData\Lo...}, networkConnectionEnabled: false, pageLoadStrategy: normal, platformName: windows, proxy: Proxy(), se:cdp: ws://localhost:65533/devtoo..., se:cdpVersion: 144.0.3719.104, setWindowRect: true, strictFileInteractability: false, timeouts: {implicit: 0, pageLoad: 300000, script: 30000}, unhandledPromptBehavior: dismiss and notify, webauthn:extension:credBlob: true, webauthn:extension:largeBlob: true, webauthn:extension:minPinLength: true, webauthn:extension:prf: true, webauthn:virtualAuthenticators: true}&#10;Session ID: d7a7dabda72d6e6f08746066d1c64dc1"/>
  </testcase>
  <testcase name="smoke_search_only" classname="com.practo.PractoTests" time="0.0">
    <skipped message="stale element reference: stale element not found&#10;  (Session info: MicrosoftEdge=144.0.3719.104)&#10;For documentation on this error, please visit: https://www.selenium.dev/documentation/webdriver/troubleshooting/errors#staleelementreferenceexception&#10;Build info: version: &apos;4.39.0&apos;, revision: &apos;126f156aee&apos;&#10;System info: os.name: &apos;Windows 11&apos;, os.arch: &apos;amd64&apos;, os.version: &apos;10.0&apos;, java.version: &apos;21&apos;&#10;Driver info: org.openqa.selenium.edge.EdgeDriver&#10;Command: [d7a7dabda72d6e6f08746066d1c64dc1, isElementDisplayed {id=f.93EA677043AAD800FCE90082E4B56C64.d.92E5092C0FE4D5093572372C54D1ADA6.e.507}]&#10;Capabilities {acceptInsecureCerts: false, browserName: MicrosoftEdge, browserVersion: 144.0.3719.104, fedcm:accounts: true, goog:processID: 26044, ms:edgeOptions: {debuggerAddress: localhost:65533}, msedge: {msedgedriverVersion: 144.0.3719.104 (7d1be999663..., userDataDir: C:\Users\2457138\AppData\Lo...}, networkConnectionEnabled: false, pageLoadStrategy: normal, platformName: windows, proxy: Proxy(), se:cdp: ws://localhost:65533/devtoo..., se:cdpVersion: 144.0.3719.104, setWindowRect: true, strictFileInteractability: false, timeouts: {implicit: 0, pageLoad: 300000, script: 30000}, unhandledPromptBehavior: dismiss and notify, webauthn:extension:credBlob: true, webauthn:extension:largeBlob: true, webauthn:extension:minPinLength: true, webauthn:extension:prf: true, webauthn:virtualAuthenticators: true}&#10;Element: [[EdgeDriver: MicrosoftEdge on windows (d7a7dabda72d6e6f08746066d1c64dc1)] -&gt; xpath: //input[@placeholder=&apos;Search location&apos;]]&#10;Session ID: d7a7dabda72d6e6f08746066d1c64dc1"/>
  </testcase>
  <testcase name="smoke_search_only" classname="com.practo.PractoTests" time="13.112">
    <failure message="no such element: Unable to locate element: {&quot;method&quot;:&quot;xpath&quot;,&quot;selector&quot;:&quot;//input[@placeholder=&apos;Search location&apos;]&quot;}&#10;  (Session info: MicrosoftEdge=144.0.3719.104)&#10;For documentation on this error, please visit: https://www.selenium.dev/documentation/webdriver/troubleshooting/errors#nosuchelementexception&#10;Build info: version: &apos;4.39.0&apos;, revision: &apos;126f156aee&apos;&#10;System info: os.name: &apos;Windows 11&apos;, os.arch: &apos;amd64&apos;, os.version: &apos;10.0&apos;, java.version: &apos;21&apos;&#10;Driver info: org.openqa.selenium.edge.EdgeDriver&#10;Command: [d7a7dabda72d6e6f08746066d1c64dc1, findElement {using=xpath, value=//input[@placeholder=&apos;Search location&apos;]}]&#10;Capabilities {acceptInsecureCerts: false, browserName: MicrosoftEdge, browserVersion: 144.0.3719.104, fedcm:accounts: true, goog:processID: 26044, ms:edgeOptions: {debuggerAddress: localhost:65533}, msedge: {msedgedriverVersion: 144.0.3719.104 (7d1be999663..., userDataDir: C:\Users\2457138\AppData\Lo...}, networkConnectionEnabled: false, pageLoadStrategy: normal, platformName: windows, proxy: Proxy(), se:cdp: ws://localhost:65533/devtoo..., se:cdpVersion: 144.0.3719.104, setWindowRect: true, strictFileInteractability: false, timeouts: {implicit: 0, pageLoad: 300000, script: 30000}, unhandledPromptBehavior: dismiss and notify, webauthn:extension:credBlob: true, webauthn:extension:largeBlob: true, webauthn:extension:minPinLength: true, webauthn:extension:prf: true, webauthn:virtualAuthenticators: true}&#10;Session ID: d7a7dabda72d6e6f08746066d1c64dc1" type="org.openqa.selenium.NoSuchElementException"><![CDATA[org.openqa.selenium.NoSuchElementException: 
no such element: Unable to locate element: {"method":"xpath","selector":"//input[@placeholder='Search location']"}
  (Session info: MicrosoftEdge=144.0.3719.104)
For documentation on this error, please visit: https://www.selenium.dev/documentation/webdriver/troubleshooting/errors#nosuchelementexception
Build info: version: '4.39.0', revision: '126f156aee'
System info: os.name: 'Windows 11', os.arch: 'amd64', os.version: '10.0', java.version: '21'
Driver info: org.openqa.selenium.edge.EdgeDriver
Command: [d7a7dabda72d6e6f08746066d1c64dc1, findElement {using=xpath, value=//input[@placeholder='Search location']}]
Capabilities {acceptInsecureCerts: false, browserName: MicrosoftEdge, browserVersion: 144.0.3719.104, fedcm:accounts: true, goog:processID: 26044, ms:edgeOptions: {debuggerAddress: localhost:65533}, msedge: {msedgedriverVersion: 144.0.3719.104 (7d1be999663..., userDataDir: C:\Users\2457138\AppData\Lo...}, networkConnectionEnabled: false, pageLoadStrategy: normal, platformName: windows, proxy: Proxy(), se:cdp: ws://localhost:65533/devtoo..., se:cdpVersion: 144.0.3719.104, setWindowRect: true, strictFileInteractability: false, timeouts: {implicit: 0, pageLoad: 300000, script: 30000}, unhandledPromptBehavior: dismiss and notify, webauthn:extension:credBlob: true, webauthn:extension:largeBlob: true, webauthn:extension:minPinLength: true, webauthn:extension:prf: true, webauthn:virtualAuthenticators: true}
Session ID: d7a7dabda72d6e6f08746066d1c64dc1
	at java.base/jdk.internal.reflect.DirectConstructorHandleAccessor.newInstance(DirectConstructorHandleAccessor.java:62)
	at java.base/java.lang.reflect.Constructor.newInstanceWithCaller(Constructor.java:502)
	at java.base/java.lang.reflect.Constructor.newInstance(Constructor.java:486)
	at org.openqa.selenium.remote.ErrorCodec.decode(ErrorCodec.java:167)
	at org.openqa.selenium.remote.codec.w3c.W3CHttpResponseCodec.decode(W3CHttpResponseCodec.java:142)
	at org.openqa.selenium.remote.codec.w3c.W3CHttpResponseCodec.decode(W3CHttpResponseCodec.java:49)
	at org.openqa.selenium.remote.HttpCommandExecutor.execute(HttpCommandExecutor.java:215)
	at org.openqa.selenium.remote.service.DriverCommandExecutor.invokeExecute(DriverCommandExecutor.java:216)
	at org.openqa.selenium.remote.service.DriverCommandExecutor.execute(DriverCommandExecutor.java:174)
	at org.openqa.selenium.remote.RemoteWebDriver.execute(RemoteWebDriver.java:561)
	at org.openqa.selenium.remote.ElementLocation$ElementFinder$2.findElement(ElementLocation.java:166)
	at org.openqa.selenium.remote.ElementLocation.findElement(ElementLocation.java:60)
	at org.openqa.selenium.remote.RemoteWebDriver.findElement(RemoteWebDriver.java:384)
	at org.openqa.selenium.remote.RemoteWebDriver.findElement(RemoteWebDriver.java:378)
	at org.openqa.selenium.support.pagefactory.DefaultElementLocator.findElement(DefaultElementLocator.java:68)
	at org.openqa.selenium.support.pagefactory.internal.LocatingElementHandler.invoke(LocatingElementHandler.java:38)
	at jdk.proxy2/jdk.proxy2.$Proxy27.sendKeys(Unknown Source)
	at com.practo.pages.HomePage.selectLocation(HomePage.java:85)
	at com.practo.PractoTests.smoke_search_only(PractoTests.java:42)
	at java.base/jdk.internal.reflect.DirectMethodHandleAccessor.invoke(DirectMethodHandleAccessor.java:103)
	at java.base/java.lang.reflect.Method.invoke(Method.java:580)
	at org.testng.internal.invokers.MethodInvocationHelper.invokeMethod(MethodInvocationHelper.java:141)
	at org.testng.internal.invokers.TestInvoker.invokeMethod(TestInvoker.java:687)
	at org.testng.internal.invokers.TestInvoker.retryFailed(TestInvoker.java:269)
	at org.testng.internal.invokers.MethodRunner.runInSequence(MethodRunner.java:76)
	at org.testng.internal.invokers.TestInvoker$MethodInvocationAgent.invoke(TestInvoker.java:995)
	at org.testng.internal.invokers.TestInvoker.invokeTestMethods(TestInvoker.java:203)
	at org.testng.internal.invokers.TestMethodWorker.invokeTestMethods(TestMethodWorker.java:154)
	at org.testng.internal.invokers.TestMethodWorker.run(TestMethodWorker.java:134)
	at java.base/java.util.concurrent.Executors$RunnableAdapter.call(Executors.java:572)
	at java.base/java.util.concurrent.FutureTask.run(FutureTask.java:317)
	at org.testng.internal.thread.graph.TestNGFutureTask.run(TestNGFutureTask.java:22)
	at java.base/java.util.concurrent.ThreadPoolExecutor.runWorker(ThreadPoolExecutor.java:1144)
	at java.base/java.util.concurrent.ThreadPoolExecutor$Worker.run(ThreadPoolExecutor.java:642)
	at java.base/java.lang.Thread.run(Thread.java:1583)
]]></failure>
  </testcase>
  <testcase name="fillCataractLeadForm_and_book" classname="com.practo.PractoTests" time="0.0">
    <skipped message="Expected condition failed: waiting for visibility of element located by By.className: AilmentItem-module_itemText__XvCHL (tried for 20 second(s) with 500 milliseconds interval)&#10;Build info: version: &apos;4.39.0&apos;, revision: &apos;126f156aee&apos;&#10;System info: os.name: &apos;Windows 11&apos;, os.arch: &apos;amd64&apos;, os.version: &apos;10.0&apos;, java.version: &apos;21&apos;&#10;Driver info: org.openqa.selenium.edge.EdgeDriver&#10;Capabilities {acceptInsecureCerts: false, browserName: MicrosoftEdge, browserVersion: 144.0.3719.104, fedcm:accounts: true, goog:processID: 26044, ms:edgeOptions: {debuggerAddress: localhost:65533}, msedge: {msedgedriverVersion: 144.0.3719.104 (7d1be999663..., userDataDir: C:\Users\2457138\AppData\Lo...}, networkConnectionEnabled: false, pageLoadStrategy: normal, platformName: windows, proxy: Proxy(), se:cdp: ws://localhost:65533/devtoo..., se:cdpVersion: 144.0.3719.104, setWindowRect: true, strictFileInteractability: false, timeouts: {implicit: 0, pageLoad: 300000, script: 30000}, unhandledPromptBehavior: dismiss and notify, webauthn:extension:credBlob: true, webauthn:extension:largeBlob: true, webauthn:extension:minPinLength: true, webauthn:extension:prf: true, webauthn:virtualAuthenticators: true}&#10;Session ID: d7a7dabda72d6e6f08746066d1c64dc1"/>
  </testcase>
  <testcase name="fillCataractLeadForm_and_book" classname="com.practo.PractoTests" time="0.0">
    <skipped message="Expected condition failed: waiting for visibility of element located by By.className: AilmentItem-module_itemText__XvCHL (tried for 20 second(s) with 500 milliseconds interval)&#10;Build info: version: &apos;4.39.0&apos;, revision: &apos;126f156aee&apos;&#10;System info: os.name: &apos;Windows 11&apos;, os.arch: &apos;amd64&apos;, os.version: &apos;10.0&apos;, java.version: &apos;21&apos;&#10;Driver info: org.openqa.selenium.edge.EdgeDriver&#10;Capabilities {acceptInsecureCerts: false, browserName: MicrosoftEdge, browserVersion: 144.0.3719.104, fedcm:accounts: true, goog:processID: 26044, ms:edgeOptions: {debuggerAddress: localhost:65533}, msedge: {msedgedriverVersion: 144.0.3719.104 (7d1be999663..., userDataDir: C:\Users\2457138\AppData\Lo...}, networkConnectionEnabled: false, pageLoadStrategy: normal, platformName: windows, proxy: Proxy(), se:cdp: ws://localhost:65533/devtoo..., se:cdpVersion: 144.0.3719.104, setWindowRect: true, strictFileInteractability: false, timeouts: {implicit: 0, pageLoad: 300000, script: 30000}, unhandledPromptBehavior: dismiss and notify, webauthn:extension:credBlob: true, webauthn:extension:largeBlob: true, webauthn:extension:minPinLength: true, webauthn:extension:prf: true, webauthn:virtualAuthenticators: true}&#10;Session ID: d7a7dabda72d6e6f08746066d1c64dc1"/>
  </testcase>
  <testcase name="fillCataractLeadForm_and_book" classname="com.practo.PractoTests" time="9.138">
    <system-out><![CDATA[Piles
Hernia Treatment
Kidney Stone
Cataract
Circumcision
Lasik
Varicose Veins
Gallstone
Anal Fistula
Gynaecomastia
Anal Fissure
Lipoma Removal
Sebaceous cyst
Pilonidal Sinus
Lump in Breast
TURP
Hydrocele
Knee Replacement
Hair Transplant
OTP message: We have sent you an OTP on +919999999999
]]></system-out>
  </testcase>
</testsuite>