<?xml version="1.0" encoding="UTF-8"?>
<!-- Generated by org.testng.reporters.JUnitReportReporter -->
<testsuite hostname="LTIN674551" failures="0" tests="4" name="com.rediff.AlertHandlingTest" time="28.045" errors="0" timestamp="2026-01-12T09:37:17 IST" skipped="0">
  <testcase classname="com.rediff.AlertHandlingTest" name="tc1_signInAlert" time="5.479"/>
  <system-out/>
  <testcase classname="com.rediff.AlertHandlingTest" name="tc2_forgotPasswordAlert" time="1.543"/>
  <system-out/>
  <testcase classname="com.rediff.AlertHandlingTest" name="tc3_privacyPolicyWindow" time="1.993"/>
  <system-out/>
  <testcase classname="com.rediff.AlertHandlingTest" name="exportLoginAnchorsToExcel" time="19.030"/>
  <system-out/>
</testsuite> <!-- com.rediff.AlertHandlingTest -->
